<?xml version="1.0" encoding="UTF-8"?>
<!-- Generated by org.testng.reporters.JUnitReportReporter -->
<testsuite hostname="DESKTOP-R63SJSK" name="com.Metrodigi.scripts.TC_007_NewProject_inExistingCollection" tests="1" failures="0" timestamp="9 Jan 2017 07:08:23 GMT" time="199.114" errors="0">
  <testcase name="logintest" time="199.114" classname="com.Metrodigi.scripts.TC_007_NewProject_inExistingCollection"/>
</testsuite> <!-- com.Metrodigi.scripts.TC_007_NewProject_inExistingCollection -->
