<?xml version="1.0" encoding="UTF-8"?>
<!-- Generated by org.testng.reporters.JUnitReportReporter -->
<testsuite hostname="DESKTOP-R63SJSK" name="com.Metrodigi.scripts.TC_004_NewProjectwith_Document" tests="1" failures="0" timestamp="11 Jan 2017 07:32:40 GMT" time="267.331" errors="0">
  <testcase name="logintest" time="267.331" classname="com.Metrodigi.scripts.TC_004_NewProjectwith_Document"/>
</testsuite> <!-- com.Metrodigi.scripts.TC_004_NewProjectwith_Document -->
