<?xml version="1.0" encoding="UTF-8"?>
<!-- Generated by org.testng.reporters.JUnitReportReporter -->
<testsuite hostname="DESKTOP-R63SJSK" name="com.Metrodigi.scripts.NewProject_inExistingCollection_java" tests="1" failures="0" timestamp="11 Jan 2017 10:22:28 GMT" time="245.141" errors="0">
  <testcase name="ProjectinExistingCollection" time="245.141" classname="com.Metrodigi.scripts.NewProject_inExistingCollection_java"/>
</testsuite> <!-- com.Metrodigi.scripts.NewProject_inExistingCollection_java -->
