<?xml version="1.0" encoding="UTF-8"?>
<!-- Generated by org.testng.reporters.JUnitReportReporter -->
<testsuite hostname="DESKTOP-R63SJSK" name="com.Metrodigi.scripts.TC_009_DeleteCollection" tests="1" failures="0" timestamp="9 Jan 2017 07:21:25 GMT" time="48.935" errors="0">
  <testcase name="logintest" time="48.935" classname="com.Metrodigi.scripts.TC_009_DeleteCollection"/>
</testsuite> <!-- com.Metrodigi.scripts.TC_009_DeleteCollection -->
