<?xml version="1.0" encoding="UTF-8"?>
<!-- Generated by org.testng.reporters.JUnitReportReporter -->
<testsuite hostname="DESKTOP-R63SJSK" name="com.Metrodigi.scripts.NewProjectwith_Epub_java" tests="1" failures="0" timestamp="11 Jan 2017 10:38:29 GMT" time="198.357" errors="0">
  <testcase name="ProjectwithEpub" time="198.357" classname="com.Metrodigi.scripts.NewProjectwith_Epub_java"/>
</testsuite> <!-- com.Metrodigi.scripts.NewProjectwith_Epub_java -->
