<?xml version="1.0" encoding="UTF-8"?>
<!-- Generated by org.testng.reporters.JUnitReportReporter -->
<testsuite hostname="DESKTOP-R63SJSK" name="com.Metrodigi.scripts.TC_001Login" tests="1" failures="0" timestamp="11 Jan 2017 06:02:55 GMT" time="105.642" errors="0">
  <testcase name="logintest" time="105.642" classname="com.Metrodigi.scripts.TC_001Login"/>
</testsuite> <!-- com.Metrodigi.scripts.TC_001Login -->
