<?xml version="1.0" encoding="UTF-8"?>
<!-- Generated by org.testng.reporters.JUnitReportReporter -->
<testsuite hostname="DESKTOP-R63SJSK" name="com.Metrodigi.scripts.TC_005_OpenProject" tests="1" failures="0" timestamp="9 Jan 2017 06:51:47 GMT" time="107.056" errors="0">
  <testcase name="logintest" time="107.056" classname="com.Metrodigi.scripts.TC_005_OpenProject"/>
</testsuite> <!-- com.Metrodigi.scripts.TC_005_OpenProject -->
