<?xml version="1.0" encoding="UTF-8"?>
<!-- Generated by org.testng.reporters.JUnitReportReporter -->
<testsuite hostname="DESKTOP-R63SJSK" name="com.Metrodigi.scripts.TC_001_Login" tests="1" failures="0" timestamp="7 Jan 2017 11:39:58 GMT" time="36.059" errors="0">
  <testcase name="logintest" time="36.059" classname="com.Metrodigi.scripts.TC_001_Login"/>
</testsuite> <!-- com.Metrodigi.scripts.TC_001_Login -->
