<?xml version="1.0" encoding="UTF-8"?>
<!-- Generated by org.testng.reporters.JUnitReportReporter -->
<testsuite hostname="DESKTOP-R63SJSK" name="com.Metrodigi.scripts.TC_008_DeleteProject" tests="1" failures="0" timestamp="9 Jan 2017 07:10:13 GMT" time="47.592" errors="0">
  <testcase name="logintest" time="47.592" classname="com.Metrodigi.scripts.TC_008_DeleteProject"/>
</testsuite> <!-- com.Metrodigi.scripts.TC_008_DeleteProject -->
