<?xml version="1.0" encoding="UTF-8"?>
<!-- Generated by org.testng.reporters.JUnitReportReporter -->
<testsuite hostname="DESKTOP-R63SJSK" name="com.Metrodigi.scripts.TC_011_AddMembers" tests="1" failures="0" timestamp="9 Jan 2017 07:14:27 GMT" time="89.905" errors="0">
  <testcase name="logintest" time="89.905" classname="com.Metrodigi.scripts.TC_011_AddMembers"/>
</testsuite> <!-- com.Metrodigi.scripts.TC_011_AddMembers -->
