<?xml version="1.0" encoding="UTF-8"?>
<!-- Generated by org.testng.reporters.JUnitReportReporter -->
<testsuite hostname="DESKTOP-R63SJSK" name="com.Metrodigi.scripts.NewCollection_java" tests="1" failures="0" timestamp="11 Jan 2017 10:16:53 GMT" time="78.776" errors="0">
  <testcase name="NewCollection" time="78.776" classname="com.Metrodigi.scripts.NewCollection_java"/>
</testsuite> <!-- com.Metrodigi.scripts.NewCollection_java -->
