<?xml version="1.0" encoding="UTF-8"?>
<!-- Generated by org.testng.reporters.JUnitReportReporter -->
<testsuite hostname="DESKTOP-R63SJSK" name="com.Metrodigi.scripts.TC_012_NewProjectwith_Epub" tests="1" failures="0" timestamp="9 Jan 2017 08:04:31 GMT" time="222.999" errors="0">
  <testcase name="logintest" time="222.999" classname="com.Metrodigi.scripts.TC_012_NewProjectwith_Epub"/>
</testsuite> <!-- com.Metrodigi.scripts.TC_012_NewProjectwith_Epub -->
