<?xml version="1.0" encoding="UTF-8"?>
<!-- Generated by org.testng.reporters.JUnitReportReporter -->
<testsuite hostname="DESKTOP-R63SJSK" name="com.Metrodigi.scripts.TC_002NewProject" tests="1" failures="0" timestamp="11 Jan 2017 05:06:29 GMT" time="109.112" errors="0">
  <testcase name="logintest" time="109.112" classname="com.Metrodigi.scripts.TC_002NewProject"/>
</testsuite> <!-- com.Metrodigi.scripts.TC_002NewProject -->
