<?xml version="1.0" encoding="UTF-8"?>
<!-- Generated by org.testng.reporters.JUnitReportReporter -->
<testsuite hostname="DESKTOP-R63SJSK" name="com.Metrodigi.scripts.TC_003_NewCollection" tests="1" failures="0" timestamp="11 Jan 2017 07:03:29 GMT" time="110.626" errors="0">
  <testcase name="logintest" time="110.626" classname="com.Metrodigi.scripts.TC_003_NewCollection"/>
</testsuite> <!-- com.Metrodigi.scripts.TC_003_NewCollection -->
