<?xml version="1.0" encoding="UTF-8"?>
<!-- Generated by org.testng.reporters.JUnitReportReporter -->
<testsuite hostname="DESKTOP-R63SJSK" name="com.Metrodigi.scripts.DeleteProject_java" tests="1" failures="0" timestamp="11 Jan 2017 10:14:14 GMT" time="47.530" errors="0">
  <testcase name="DeleteProject" time="47.530" classname="com.Metrodigi.scripts.DeleteProject_java"/>
</testsuite> <!-- com.Metrodigi.scripts.DeleteProject_java -->
