<?xml version="1.0" encoding="UTF-8"?>
<!-- Generated by org.testng.reporters.JUnitReportReporter -->
<testsuite hostname="DESKTOP-R63SJSK" name="com.Metrodigi.scripts.NewProject_java" tests="1" failures="0" timestamp="11 Jan 2017 10:30:08 GMT" time="149.862" errors="0">
  <testcase name="NewProject" time="149.862" classname="com.Metrodigi.scripts.NewProject_java"/>
</testsuite> <!-- com.Metrodigi.scripts.NewProject_java -->
