<?xml version="1.0" encoding="UTF-8"?>
<!-- Generated by org.testng.reporters.JUnitReportReporter -->
<testsuite hostname="DESKTOP-R63SJSK" name="com.Metrodigi.scripts.TC_006_NewProjectwith_Mediafiles" tests="1" failures="0" timestamp="10 Jan 2017 15:00:26 GMT" time="214.342" errors="0">
  <testcase name="logintest" time="214.342" classname="com.Metrodigi.scripts.TC_006_NewProjectwith_Mediafiles"/>
</testsuite> <!-- com.Metrodigi.scripts.TC_006_NewProjectwith_Mediafiles -->
