<?xml version="1.0" encoding="UTF-8"?>
<!-- Generated by org.testng.reporters.JUnitReportReporter -->
<testsuite hostname="DESKTOP-R63SJSK" name="com.Metrodigi.scripts.AddMembers_java" tests="1" failures="0" timestamp="11 Jan 2017 11:23:58 GMT" time="78.997" errors="0">
  <testcase name="AddMembers" time="78.997" classname="com.Metrodigi.scripts.AddMembers_java"/>
</testsuite> <!-- com.Metrodigi.scripts.AddMembers_java -->
